<?xml version="1.0" encoding="UTF-8"?>
<!-- Generated by org.testng.reporters.JUnitXMLReporter -->
<testsuite ignored="0" hostname="PF1L9UK7" failures="1" tests="10" name="Test" time="69.781" errors="0" timestamp="2023-07-12T14:38:23 IST">
  <testcase classname="com.springernature.qa.sanity.HomeTest" name="checkhomepage" time="0.255"/>
  <testcase classname="com.springernature.qa.sanity.HomeTest" name="loadCA" time="5.286"/>
  <testcase classname="com.springernature.qa.sanity.CAtest" name="checkCA" time="0.441"/>
  <testcase classname="com.springernature.qa.sanity.CAtest" name="shelf" time="10.781"/>
  <testcase classname="com.springernature.qa.sanity.CAtest" name="incoming" time="10.738"/>
  <testcase classname="com.springernature.qa.sanity.CAtest" name="query" time="10.738"/>
  <testcase classname="com.springernature.qa.sanity.CAtest" name="QC" time="10.75"/>
  <testcase classname="com.springernature.qa.sanity.CAtest" name="ItemSearch" time="9.017"/>
  <testcase classname="com.springernature.qa.sanity.CAtest" name="CAclose" time="0.729"/>
  <testcase classname="com.springernature.qa.sanity.CTtest" name="checkCT" time="0.002">
    <failure type="java.lang.NullPointerException" message="Cannot invoke &amp;quot;org.openqa.selenium.WebDriver.switchTo()&amp;quot; because &amp;quot;this.driver&amp;quot; is null">
      <![CDATA[java.lang.NullPointerException: Cannot invoke "org.openqa.selenium.WebDriver.switchTo()" because "this.driver" is null
at com.springernature.qa.pages.HomePage.clickonCT(HomePage.java:79)
at com.springernature.qa.sanity.CTtest.checkCT(CTtest.java:18)
at java.base/java.util.ArrayList.forEach(ArrayList.java:1511)
... Removed 27 stack frames]]>
    </failure>
  </testcase> <!-- checkCT -->
</testsuite> <!-- Test -->
